# JRE version: OpenJDK Runtime Environment (8.0_212-b04) (build 1.8.0_212-release-1586-b04)
# Java VM: OpenJDK 64-Bit Server VM (25.212-b04 mixed mode windows-amd64 compressed oops)
Heap:
 PSYoungGen      total 436224K, used 111923K [0x00000000e0000000, 0x0000000100000000, 0x0000000100000000)
  eden space 370688K, 26% used [0x00000000e0000000,0x00000000e5ec2c18,0x00000000f6a00000)
  from space 65536K, 22% used [0x00000000fc000000,0x00000000fce8a390,0x0000000100000000)
  to   space 76800K, 0% used [0x00000000f6a00000,0x00000000f6a00000,0x00000000fb500000)
 ParOldGen       total 275456K, used 181924K [0x00000000a0000000, 0x00000000b0d00000, 0x00000000e0000000)
  object space 275456K, 66% used [0x00000000a0000000,0x00000000ab1a9070,0x00000000b0d00000)
 Metaspace       used 126612K, capacity 133940K, committed 134080K, reserved 1165312K
  class space    used 16352K, capacity 17792K, committed 17880K, reserved 1048576K
GC Heap History (10 events):
Event: 4012.642 GC heap before
{Heap before GC invocations=32 (full 4):
 PSYoungGen      total 460800K, used 403584K [0x00000000e0000000, 0x00000000ffe80000, 0x0000000100000000)
  eden space 398848K, 100% used [0x00000000e0000000,0x00000000f8580000,0x00000000f8580000)
  from space 61952K, 7% used [0x00000000f8580000,0x00000000f8a20010,0x00000000fc200000)
  to   space 60928K, 0% used [0x00000000fc300000,0x00000000fc300000,0x00000000ffe80000)
 ParOldGen       total 275456K, used 159209K [0x00000000a0000000, 0x00000000b0d00000, 0x00000000e0000000)
  object space 275456K, 57% used [0x00000000a0000000,0x00000000a9b7a4e8,0x00000000b0d00000)
 Metaspace       used 124122K, capacity 130774K, committed 131008K, reserved 1163264K
  class space    used 16038K, capacity 17345K, committed 17368K, reserved 1048576K
Event: 4012.654 GC heap after
Heap after GC invocations=32 (full 4):
 PSYoungGen      total 460800K, used 5264K [0x00000000e0000000, 0x00000000ffd00000, 0x0000000100000000)
  eden space 401408K, 0% used [0x00000000e0000000,0x00000000e0000000,0x00000000f8800000)
  from space 59392K, 8% used [0x00000000fc300000,0x00000000fc824010,0x00000000ffd00000)
  to   space 59904K, 0% used [0x00000000f8800000,0x00000000f8800000,0x00000000fc280000)
 ParOldGen       total 275456K, used 163053K [0x00000000a0000000, 0x00000000b0d00000, 0x00000000e0000000)
  object space 275456K, 59% used [0x00000000a0000000,0x00000000a9f3b460,0x00000000b0d00000)
 Metaspace       used 124122K, capacity 130774K, committed 131008K, reserved 1163264K
  class space    used 16038K, capacity 17345K, committed 17368K, reserved 1048576K
}
Event: 4014.089 GC heap before
{Heap before GC invocations=33 (full 4):
 PSYoungGen      total 460800K, used 406672K [0x00000000e0000000, 0x00000000ffd00000, 0x0000000100000000)
  eden space 401408K, 100% used [0x00000000e0000000,0x00000000f8800000,0x00000000f8800000)
  from space 59392K, 8% used [0x00000000fc300000,0x00000000fc824010,0x00000000ffd00000)
  to   space 59904K, 0% used [0x00000000f8800000,0x00000000f8800000,0x00000000fc280000)
 ParOldGen       total 275456K, used 163053K [0x00000000a0000000, 0x00000000b0d00000, 0x00000000e0000000)
  object space 275456K, 59% used [0x00000000a0000000,0x00000000a9f3b460,0x00000000b0d00000)
 Metaspace       used 124138K, capacity 130774K, committed 131008K, reserved 1163264K
  class space    used 16039K, capacity 17345K, committed 17368K, reserved 1048576K
Event: 4014.108 GC heap after
Heap after GC invocations=33 (full 4):
 PSYoungGen      total 461312K, used 11904K [0x00000000e0000000, 0x00000000ffb80000, 0x0000000100000000)
  eden space 401408K, 0% used [0x00000000e0000000,0x00000000e0000000,0x00000000f8800000)
  from space 59904K, 19% used [0x00000000f8800000,0x00000000f93a0020,0x00000000fc280000)
  to   space 57344K, 0% used [0x00000000fc380000,0x00000000fc380000,0x00000000ffb80000)
 ParOldGen       total 275456K, used 168215K [0x00000000a0000000, 0x00000000b0d00000, 0x00000000e0000000)
  object space 275456K, 61% used [0x00000000a0000000,0x00000000aa445e70,0x00000000b0d00000)
 Metaspace       used 124138K, capacity 130774K, committed 131008K, reserved 1163264K
  class space    used 16039K, capacity 17345K, committed 17368K, reserved 1048576K
}
Event: 4016.668 GC heap before
{Heap before GC invocations=34 (full 4):
 PSYoungGen      total 461312K, used 413312K [0x00000000e0000000, 0x00000000ffb80000, 0x0000000100000000)
  eden space 401408K, 100% used [0x00000000e0000000,0x00000000f8800000,0x00000000f8800000)
  from space 59904K, 19% used [0x00000000f8800000,0x00000000f93a0020,0x00000000fc280000)
  to   space 57344K, 0% used [0x00000000fc380000,0x00000000fc380000,0x00000000ffb80000)
 ParOldGen       total 275456K, used 168215K [0x00000000a0000000, 0x00000000b0d00000, 0x00000000e0000000)
  object space 275456K, 61% used [0x00000000a0000000,0x00000000aa445e70,0x00000000b0d00000)
 Metaspace       used 124854K, capacity 131768K, committed 132032K, reserved 1163264K
  class space    used 16125K, capacity 17510K, committed 17624K, reserved 1048576K
Event: 4016.731 GC heap after
Heap after GC invocations=34 (full 4):
 PSYoungGen      total 450560K, used 52390K [0x00000000e0000000, 0x0000000100000000, 0x0000000100000000)
  eden space 393216K, 0% used [0x00000000e0000000,0x00000000e0000000,0x00000000f8000000)
  from space 57344K, 91% used [0x00000000fc380000,0x00000000ff6a98a8,0x00000000ffb80000)
  to   space 65536K, 0% used [0x00000000f8000000,0x00000000f8000000,0x00000000fc000000)
 ParOldGen       total 275456K, used 172997K [0x00000000a0000000, 0x00000000b0d00000, 0x00000000e0000000)
  object space 275456K, 62% used [0x00000000a0000000,0x00000000aa8f15e0,0x00000000b0d00000)
 Metaspace       used 124854K, capacity 131768K, committed 132032K, reserved 1163264K
  class space    used 16125K, capacity 17510K, committed 17624K, reserved 1048576K
}
Event: 4160.066 GC heap before
{Heap before GC invocations=35 (full 4):
 PSYoungGen      total 450560K, used 445606K [0x00000000e0000000, 0x0000000100000000, 0x0000000100000000)
  eden space 393216K, 100% used [0x00000000e0000000,0x00000000f8000000,0x00000000f8000000)
  from space 57344K, 91% used [0x00000000fc380000,0x00000000ff6a98a8,0x00000000ffb80000)
  to   space 65536K, 0% used [0x00000000f8000000,0x00000000f8000000,0x00000000fc000000)
 ParOldGen       total 275456K, used 172997K [0x00000000a0000000, 0x00000000b0d00000, 0x00000000e0000000)
  object space 275456K, 62% used [0x00000000a0000000,0x00000000aa8f15e0,0x00000000b0d00000)
 Metaspace       used 126192K, capacity 133268K, committed 133440K, reserved 1165312K
  class space    used 16318K, capacity 17734K, committed 17752K, reserved 1048576K
Event: 4160.120 GC heap after
Heap after GC invocations=35 (full 4):
 PSYoungGen      total 458752K, used 65523K [0x00000000e0000000, 0x0000000100000000, 0x0000000100000000)
  eden space 393216K, 0% used [0x00000000e0000000,0x00000000e0000000,0x00000000f8000000)
  from space 65536K, 99% used [0x00000000f8000000,0x00000000fbffccf8,0x00000000fc000000)
  to   space 65536K, 0% used [0x00000000fc000000,0x00000000fc000000,0x0000000100000000)
 ParOldGen       total 275456K, used 180363K [0x00000000a0000000, 0x00000000b0d00000, 0x00000000e0000000)
  object space 275456K, 65% used [0x00000000a0000000,0x00000000ab022fc0,0x00000000b0d00000)
 Metaspace       used 126192K, capacity 133268K, committed 133440K, reserved 1165312K
  class space    used 16318K, capacity 17734K, committed 17752K, reserved 1048576K
}
Event: 4211.337 GC heap before
{Heap before GC invocations=36 (full 4):
 PSYoungGen      total 458752K, used 453907K [0x00000000e0000000, 0x0000000100000000, 0x0000000100000000)
  eden space 393216K, 98% used [0x00000000e0000000,0x00000000f7b47ff0,0x00000000f8000000)
  from space 65536K, 99% used [0x00000000f8000000,0x00000000fbffccf8,0x00000000fc000000)
  to   space 65536K, 0% used [0x00000000fc000000,0x00000000fc000000,0x0000000100000000)
 ParOldGen       total 275456K, used 180363K [0x00000000a0000000, 0x00000000b0d00000, 0x00000000e0000000)
  object space 275456K, 65% used [0x00000000a0000000,0x00000000ab022fc0,0x00000000b0d00000)
 Metaspace       used 126558K, capacity 133886K, committed 134080K, reserved 1165312K
  class space    used 16346K, capacity 17783K, committed 17880K, reserved 1048576K
Event: 4211.351 GC heap after
Heap after GC invocations=36 (full 4):
 PSYoungGen      total 436224K, used 14888K [0x00000000e0000000, 0x0000000100000000, 0x0000000100000000)
  eden space 370688K, 0% used [0x00000000e0000000,0x00000000e0000000,0x00000000f6a00000)
  from space 65536K, 22% used [0x00000000fc000000,0x00000000fce8a390,0x0000000100000000)
  to   space 76800K, 0% used [0x00000000f6a00000,0x00000000f6a00000,0x00000000fb500000)
 ParOldGen       total 275456K, used 181924K [0x00000000a0000000, 0x00000000b0d00000, 0x00000000e0000000)
  object space 275456K, 66% used [0x00000000a0000000,0x00000000ab1a9070,0x00000000b0d00000)
 Metaspace       used 126558K, capacity 133886K, committed 134080K, reserved 1165312K
  class space    used 16346K, capacity 17783K, committed 17880K, reserved 1048576K
}

